

Version:	3.14
CmdLine:	C:\Users\User\Documents\NetBeansProjects\GIT PROJECTS\End-Of-Year\FinalYearAssistent Software.exe --l4j-debug
WOW64:		yes
Create mutex:	FinalYearAssistent Software
Working dir:	C:\Users\User\Documents\NetBeansProjects\GIT PROJECTS\End-Of-Year\.
Java min ver:	1.008.000
Java max ver:	
64-bit search:	SOFTWARE\JavaSoft\Java Runtime Environment...
32-bit search:	SOFTWARE\JavaSoft\Java Runtime Environment...
64-bit search:	SOFTWARE\JavaSoft\Java Development Kit...
Check:		SOFTWARE\JavaSoft\Java Development Kit\1.8
Check launcher:	C:\Program Files\Java\jdk1.8.0\bin\javaw.exe (OK)
Match:		1.008.000
Check:		SOFTWARE\JavaSoft\Java Development Kit\1.8.0
Ignore:		1.008.000
64-bit search:	SOFTWARE\JavaSoft\JRE...
64-bit search:	SOFTWARE\JavaSoft\JDK...
Check:		SOFTWARE\JavaSoft\JDK\11.0.9
Check launcher:	C:\Program Files\Java\jdk-11.0.9\bin\javaw.exe (OK)
Match:		1.011.000_009
Runtime used:	1.011.000_009 (64-bit)
Main class:	pkgfinal.year.assistant.dashboard.dashboardloader
Add classpath:	lib\boxable-1.5-RC.jar
Add classpath:	lib\commons-codec-1.11.jar
Add classpath:	lib\commons-csv-1.4.jar
Add classpath:	lib\commons-lang3-3.9.jar
Add classpath:	lib\commons-logging-1.2.jar
Add classpath:	lib\derby.jar
Add classpath:	lib\derbyclient.jar
Add classpath:	lib\fontawesomefx-8.9.jar
Add classpath:	lib\fontawesomefx-commons-8.15.jar
Add classpath:	lib\fontawesomefx-fontawesome-4.7.0-5.jar
Add classpath:	lib\fontbox-2.0.4.jar
Add classpath:	lib\gson-2.8.1.jar
Add classpath:	lib\guava-21.0.jar
Add classpath:	lib\javax.mail-1.6.1.jar
Add classpath:	lib\jfoenix-8.0.4.jar
Add classpath:	lib\log4j-api-2.11.0.jar
Add classpath:	lib\log4j-core-2.11.0.jar
Add classpath:	lib\pdfbox-2.0.3.jar
Add classpath:	lib\slf4j-api-1.7.25.jar
Add classpath:	lib\slf4j-simple-1.7.25.jar
Launcher:	C:\Program Files\Java\jdk-11.0.9\bin\javaw.exe
Launcher args:	-classpath "C:\Users\User\Documents\NetBeansProjects\GIT PROJECTS\End-Of-Year\FinalYearAssistent Software.exe;lib\boxable-1.5-RC.jar;lib\commons-codec-1.11.jar;lib\commons-csv-1.4.jar;lib\commons-lang3-3.9.jar;lib\commons-logging-1.2.jar;lib\derby.jar;lib\derbyclient.jar;lib\fontawesomefx-8.9.jar;lib\fontawesomefx-commons-8.15.jar;lib\fontawesomefx-fontawesome-4.7.0-5.jar;lib\fontbox-2.0.4.jar;lib\gson-2.8.1.jar;lib\guava-21.0.jar;lib\javax.mail-1.6.1.jar;lib\jfoenix-8.0.4.jar;lib\log4j-api-2.11.0.jar;lib\log4j-core-2.11.0.jar;lib\pdfbox-2.0.3.jar;lib\slf4j-api-1.7.25.jar;lib\slf4j-simple-1.7.25.jar" pkgfinal.year.assistant.dashboard.dashboardloader
Args length:	657/32768 chars
Exit code:	0


Version:	3.14
CmdLine:	C:\Users\User\Documents\NetBeansProjects\GIT PROJECTS\End-Of-Year\FinalYearAssistent Software.exe --l4j-debug
WOW64:		yes
Create mutex:	FinalYearAssistent Software
Working dir:	C:\Users\User\Documents\NetBeansProjects\GIT PROJECTS\End-Of-Year\.
Java min ver:	1.008.000
Java max ver:	
64-bit search:	SOFTWARE\JavaSoft\Java Runtime Environment...
32-bit search:	SOFTWARE\JavaSoft\Java Runtime Environment...
64-bit search:	SOFTWARE\JavaSoft\Java Development Kit...
Check:		SOFTWARE\JavaSoft\Java Development Kit\1.8
Check launcher:	C:\Program Files\Java\jdk1.8.0\bin\javaw.exe (OK)
Match:		1.008.000
Check:		SOFTWARE\JavaSoft\Java Development Kit\1.8.0
Ignore:		1.008.000
64-bit search:	SOFTWARE\JavaSoft\JRE...
64-bit search:	SOFTWARE\JavaSoft\JDK...
Check:		SOFTWARE\JavaSoft\JDK\11.0.9
Check launcher:	C:\Program Files\Java\jdk-11.0.9\bin\javaw.exe (OK)
Match:		1.011.000_009
Runtime used:	1.011.000_009 (64-bit)
Main class:	pkgfinal.year.assistant.dashboard.dashboardloader
Add classpath:	lib\boxable-1.5-RC.jar
Add classpath:	lib\commons-codec-1.11.jar
Add classpath:	lib\commons-csv-1.4.jar
Add classpath:	lib\commons-lang3-3.9.jar
Add classpath:	lib\commons-logging-1.2.jar
Add classpath:	lib\derby.jar
Add classpath:	lib\derbyclient.jar
Add classpath:	lib\fontawesomefx-8.9.jar
Add classpath:	lib\fontawesomefx-commons-8.15.jar
Add classpath:	lib\fontawesomefx-fontawesome-4.7.0-5.jar
Add classpath:	lib\fontbox-2.0.4.jar
Add classpath:	lib\gson-2.8.1.jar
Add classpath:	lib\guava-21.0.jar
Add classpath:	lib\javax.mail-1.6.1.jar
Add classpath:	lib\jfoenix-8.0.4.jar
Add classpath:	lib\log4j-api-2.11.0.jar
Add classpath:	lib\log4j-core-2.11.0.jar
Add classpath:	lib\pdfbox-2.0.3.jar
Add classpath:	lib\slf4j-api-1.7.25.jar
Add classpath:	lib\slf4j-simple-1.7.25.jar
Launcher:	C:\Program Files\Java\jdk-11.0.9\bin\javaw.exe
Launcher args:	-classpath "C:\Users\User\Documents\NetBeansProjects\GIT PROJECTS\End-Of-Year\FinalYearAssistent Software.exe;lib\boxable-1.5-RC.jar;lib\commons-codec-1.11.jar;lib\commons-csv-1.4.jar;lib\commons-lang3-3.9.jar;lib\commons-logging-1.2.jar;lib\derby.jar;lib\derbyclient.jar;lib\fontawesomefx-8.9.jar;lib\fontawesomefx-commons-8.15.jar;lib\fontawesomefx-fontawesome-4.7.0-5.jar;lib\fontbox-2.0.4.jar;lib\gson-2.8.1.jar;lib\guava-21.0.jar;lib\javax.mail-1.6.1.jar;lib\jfoenix-8.0.4.jar;lib\log4j-api-2.11.0.jar;lib\log4j-core-2.11.0.jar;lib\pdfbox-2.0.3.jar;lib\slf4j-api-1.7.25.jar;lib\slf4j-simple-1.7.25.jar" pkgfinal.year.assistant.dashboard.dashboardloader
Args length:	657/32768 chars
Exit code:	0


Version:	3.14
CmdLine:	C:\Users\User\Documents\NetBeansProjects\GIT PROJECTS\End-Of-Year\FinalYearAssistent Software.exe --l4j-debug
WOW64:		yes
Create mutex:	FinalYearAssistent Software
Working dir:	C:\Users\User\Documents\NetBeansProjects\GIT PROJECTS\End-Of-Year\.
Java min ver:	1.008.000
Java max ver:	
64-bit search:	SOFTWARE\JavaSoft\Java Runtime Environment...
32-bit search:	SOFTWARE\JavaSoft\Java Runtime Environment...
64-bit search:	SOFTWARE\JavaSoft\Java Development Kit...
Check:		SOFTWARE\JavaSoft\Java Development Kit\1.8
Check launcher:	C:\Program Files\Java\jdk1.8.0\bin\javaw.exe (OK)
Match:		1.008.000
Check:		SOFTWARE\JavaSoft\Java Development Kit\1.8.0
Ignore:		1.008.000
64-bit search:	SOFTWARE\JavaSoft\JRE...
64-bit search:	SOFTWARE\JavaSoft\JDK...
Check:		SOFTWARE\JavaSoft\JDK\11.0.9
Check launcher:	C:\Program Files\Java\jdk-11.0.9\bin\javaw.exe (OK)
Match:		1.011.000_009
Runtime used:	1.011.000_009 (64-bit)
Main class:	pkgfinal.year.assistant.dashboard.dashboardloader
Add classpath:	lib\boxable-1.5-RC.jar
Add classpath:	lib\commons-codec-1.11.jar
Add classpath:	lib\commons-csv-1.4.jar
Add classpath:	lib\commons-lang3-3.9.jar
Add classpath:	lib\commons-logging-1.2.jar
Add classpath:	lib\derby.jar
Add classpath:	lib\derbyclient.jar
Add classpath:	lib\fontawesomefx-8.9.jar
Add classpath:	lib\fontawesomefx-commons-8.15.jar
Add classpath:	lib\fontawesomefx-fontawesome-4.7.0-5.jar
Add classpath:	lib\fontbox-2.0.4.jar
Add classpath:	lib\gson-2.8.1.jar
Add classpath:	lib\guava-21.0.jar
Add classpath:	lib\javax.mail-1.6.1.jar
Add classpath:	lib\jfoenix-8.0.4.jar
Add classpath:	lib\log4j-api-2.11.0.jar
Add classpath:	lib\log4j-core-2.11.0.jar
Add classpath:	lib\pdfbox-2.0.3.jar
Add classpath:	lib\slf4j-api-1.7.25.jar
Add classpath:	lib\slf4j-simple-1.7.25.jar
Launcher:	C:\Program Files\Java\jdk-11.0.9\bin\javaw.exe
Launcher args:	-classpath "C:\Users\User\Documents\NetBeansProjects\GIT PROJECTS\End-Of-Year\FinalYearAssistent Software.exe;lib\boxable-1.5-RC.jar;lib\commons-codec-1.11.jar;lib\commons-csv-1.4.jar;lib\commons-lang3-3.9.jar;lib\commons-logging-1.2.jar;lib\derby.jar;lib\derbyclient.jar;lib\fontawesomefx-8.9.jar;lib\fontawesomefx-commons-8.15.jar;lib\fontawesomefx-fontawesome-4.7.0-5.jar;lib\fontbox-2.0.4.jar;lib\gson-2.8.1.jar;lib\guava-21.0.jar;lib\javax.mail-1.6.1.jar;lib\jfoenix-8.0.4.jar;lib\log4j-api-2.11.0.jar;lib\log4j-core-2.11.0.jar;lib\pdfbox-2.0.3.jar;lib\slf4j-api-1.7.25.jar;lib\slf4j-simple-1.7.25.jar" pkgfinal.year.assistant.dashboard.dashboardloader
Args length:	657/32768 chars
Exit code:	0
